2024-12-01T21:04:38.352+02:00  INFO 10276 --- [spring-boot-app] [main] c.e.s.SpringBootAppApplication           : Starting SpringBootAppApplication using Java 23.0.1 with PID 10276 (C:\Users\nikol\source\repos\@java\spring-boot-app\target\classes started by Niko in C:\Users\nikol\source\repos\@java\spring-boot-app)
2024-12-01T21:04:38.354+02:00  INFO 10276 --- [spring-boot-app] [main] c.e.s.SpringBootAppApplication           : No active profile set, falling back to 1 default profile: "default"
2024-12-01T21:04:38.774+02:00  INFO 10276 --- [spring-boot-app] [main] .s.d.r.c.RepositoryConfigurationDelegate : Bootstrapping Spring Data JPA repositories in DEFAULT mode.
2024-12-01T21:04:38.807+02:00  INFO 10276 --- [spring-boot-app] [main] .s.d.r.c.RepositoryConfigurationDelegate : Finished Spring Data repository scanning in 27 ms. Found 2 JPA repository interfaces.
2024-12-01T21:04:39.101+02:00  INFO 10276 --- [spring-boot-app] [main] o.s.b.w.embedded.tomcat.TomcatWebServer  : Tomcat initialized with port 8080 (http)
2024-12-01T21:04:39.110+02:00  INFO 10276 --- [spring-boot-app] [main] o.apache.catalina.core.StandardService   : Starting service [Tomcat]
2024-12-01T21:04:39.111+02:00  INFO 10276 --- [spring-boot-app] [main] o.apache.catalina.core.StandardEngine    : Starting Servlet engine: [Apache Tomcat/10.1.33]
2024-12-01T21:04:39.143+02:00  INFO 10276 --- [spring-boot-app] [main] o.a.c.c.C.[Tomcat].[localhost].[/]       : Initializing Spring embedded WebApplicationContext
2024-12-01T21:04:39.143+02:00  INFO 10276 --- [spring-boot-app] [main] w.s.c.ServletWebServerApplicationContext : Root WebApplicationContext: initialization completed in 756 ms
2024-12-01T21:04:39.211+02:00  INFO 10276 --- [spring-boot-app] [main] com.zaxxer.hikari.HikariDataSource       : HikariPool-1 - Starting...
2024-12-01T21:04:39.313+02:00  INFO 10276 --- [spring-boot-app] [main] com.zaxxer.hikari.pool.HikariPool        : HikariPool-1 - Added connection org.postgresql.jdbc.PgConnection@902fdbe
2024-12-01T21:04:39.314+02:00  INFO 10276 --- [spring-boot-app] [main] com.zaxxer.hikari.HikariDataSource       : HikariPool-1 - Start completed.
2024-12-01T21:04:39.351+02:00  INFO 10276 --- [spring-boot-app] [main] o.hibernate.jpa.internal.util.LogHelper  : HHH000204: Processing PersistenceUnitInfo [name: default]
2024-12-01T21:04:39.378+02:00  INFO 10276 --- [spring-boot-app] [main] org.hibernate.Version                    : HHH000412: Hibernate ORM core version 6.6.2.Final
2024-12-01T21:04:39.397+02:00  INFO 10276 --- [spring-boot-app] [main] o.h.c.internal.RegionFactoryInitiator    : HHH000026: Second-level cache disabled
2024-12-01T21:04:39.554+02:00  INFO 10276 --- [spring-boot-app] [main] o.s.o.j.p.SpringPersistenceUnitInfo      : No LoadTimeWeaver setup: ignoring JPA class transformer
2024-12-01T21:04:39.605+02:00  INFO 10276 --- [spring-boot-app] [main] org.hibernate.orm.connections.pooling    : HHH10001005: Database info:
	Database JDBC URL [Connecting through datasource 'HikariDataSource (HikariPool-1)']
	Database driver: undefined/unknown
	Database version: 17.0
	Autocommit mode: undefined/unknown
	Isolation level: undefined/unknown
	Minimum pool size: undefined/unknown
	Maximum pool size: undefined/unknown
2024-12-01T21:04:40.153+02:00  INFO 10276 --- [spring-boot-app] [main] o.h.e.t.j.p.i.JtaPlatformInitiator       : HHH000489: No JTA platform available (set 'hibernate.transaction.jta.platform' to enable JTA platform integration)
2024-12-01T21:04:40.155+02:00  INFO 10276 --- [spring-boot-app] [main] j.LocalContainerEntityManagerFactoryBean : Initialized JPA EntityManagerFactory for persistence unit 'default'
2024-12-01T21:04:40.584+02:00  INFO 10276 --- [spring-boot-app] [main] o.s.b.w.embedded.tomcat.TomcatWebServer  : Tomcat started on port 8080 (http) with context path '/'
2024-12-01T21:04:40.588+02:00  INFO 10276 --- [spring-boot-app] [main] c.e.s.SpringBootAppApplication           : Started SpringBootAppApplication in 2.501 seconds (process running for 2.856)
2024-12-01T21:04:43.786+02:00  INFO 10276 --- [spring-boot-app] [http-nio-8080-exec-1] o.a.c.c.C.[Tomcat].[localhost].[/]       : Initializing Spring DispatcherServlet 'dispatcherServlet'
2024-12-01T21:04:43.788+02:00  INFO 10276 --- [spring-boot-app] [http-nio-8080-exec-1] o.s.web.servlet.DispatcherServlet        : Initializing Servlet 'dispatcherServlet'
2024-12-01T21:04:43.788+02:00  INFO 10276 --- [spring-boot-app] [http-nio-8080-exec-1] o.s.web.servlet.DispatcherServlet        : Completed initialization in 0 ms
2024-12-01T21:04:43.817+02:00  INFO 10276 --- [spring-boot-app] [http-nio-8080-exec-1] c.e.s.p.services.GetProductService       : Executing class com.example.springbootapp.product.services.GetProductService input: 40
2024-12-01T21:04:43.859+02:00 ERROR 10276 --- [spring-boot-app] [http-nio-8080-exec-1] c.e.s.e.ProductNotFoundException         : Exception class com.example.springbootapp.exceptions.ProductNotFoundException thrown.
2024-12-01T21:10:47.923+02:00  INFO 10276 --- [spring-boot-app] [SpringApplicationShutdownHook] o.s.b.w.e.tomcat.GracefulShutdown        : Commencing graceful shutdown. Waiting for active requests to complete
2024-12-01T21:10:47.930+02:00  INFO 10276 --- [spring-boot-app] [tomcat-shutdown] o.s.b.w.e.tomcat.GracefulShutdown        : Graceful shutdown complete
2024-12-01T21:10:47.932+02:00  INFO 10276 --- [spring-boot-app] [SpringApplicationShutdownHook] j.LocalContainerEntityManagerFactoryBean : Closing JPA EntityManagerFactory for persistence unit 'default'
2024-12-01T21:10:47.935+02:00  INFO 10276 --- [spring-boot-app] [SpringApplicationShutdownHook] com.zaxxer.hikari.HikariDataSource       : HikariPool-1 - Shutdown initiated...
2024-12-01T21:10:47.940+02:00  INFO 10276 --- [spring-boot-app] [SpringApplicationShutdownHook] com.zaxxer.hikari.HikariDataSource       : HikariPool-1 - Shutdown completed.
2024-12-01T21:10:51.963+02:00  INFO 11612 --- [spring-boot-app] [main] c.e.s.SpringBootAppApplication           : Starting SpringBootAppApplication using Java 23.0.1 with PID 11612 (C:\Users\nikol\source\repos\@java\spring-boot-app\target\classes started by Niko in C:\Users\nikol\source\repos\@java\spring-boot-app)
2024-12-01T21:10:51.965+02:00  INFO 11612 --- [spring-boot-app] [main] c.e.s.SpringBootAppApplication           : No active profile set, falling back to 1 default profile: "default"
2024-12-01T21:10:52.419+02:00  INFO 11612 --- [spring-boot-app] [main] .s.d.r.c.RepositoryConfigurationDelegate : Bootstrapping Spring Data JPA repositories in DEFAULT mode.
2024-12-01T21:10:52.452+02:00  INFO 11612 --- [spring-boot-app] [main] .s.d.r.c.RepositoryConfigurationDelegate : Finished Spring Data repository scanning in 28 ms. Found 2 JPA repository interfaces.
2024-12-01T21:10:52.726+02:00  INFO 11612 --- [spring-boot-app] [main] o.s.b.w.embedded.tomcat.TomcatWebServer  : Tomcat initialized with port 8080 (http)
2024-12-01T21:10:52.734+02:00  INFO 11612 --- [spring-boot-app] [main] o.apache.catalina.core.StandardService   : Starting service [Tomcat]
2024-12-01T21:10:52.734+02:00  INFO 11612 --- [spring-boot-app] [main] o.apache.catalina.core.StandardEngine    : Starting Servlet engine: [Apache Tomcat/10.1.33]
2024-12-01T21:10:52.765+02:00  INFO 11612 --- [spring-boot-app] [main] o.a.c.c.C.[Tomcat].[localhost].[/]       : Initializing Spring embedded WebApplicationContext
2024-12-01T21:10:52.765+02:00  INFO 11612 --- [spring-boot-app] [main] w.s.c.ServletWebServerApplicationContext : Root WebApplicationContext: initialization completed in 768 ms
2024-12-01T21:10:52.830+02:00  INFO 11612 --- [spring-boot-app] [main] com.zaxxer.hikari.HikariDataSource       : HikariPool-1 - Starting...
2024-12-01T21:10:52.929+02:00  INFO 11612 --- [spring-boot-app] [main] com.zaxxer.hikari.pool.HikariPool        : HikariPool-1 - Added connection org.postgresql.jdbc.PgConnection@1e3f0aea
2024-12-01T21:10:52.930+02:00  INFO 11612 --- [spring-boot-app] [main] com.zaxxer.hikari.HikariDataSource       : HikariPool-1 - Start completed.
2024-12-01T21:10:52.973+02:00  INFO 11612 --- [spring-boot-app] [main] o.hibernate.jpa.internal.util.LogHelper  : HHH000204: Processing PersistenceUnitInfo [name: default]
2024-12-01T21:10:53.001+02:00  INFO 11612 --- [spring-boot-app] [main] org.hibernate.Version                    : HHH000412: Hibernate ORM core version 6.6.2.Final
2024-12-01T21:10:53.020+02:00  INFO 11612 --- [spring-boot-app] [main] o.h.c.internal.RegionFactoryInitiator    : HHH000026: Second-level cache disabled
2024-12-01T21:10:53.174+02:00  INFO 11612 --- [spring-boot-app] [main] o.s.o.j.p.SpringPersistenceUnitInfo      : No LoadTimeWeaver setup: ignoring JPA class transformer
2024-12-01T21:10:53.227+02:00  INFO 11612 --- [spring-boot-app] [main] org.hibernate.orm.connections.pooling    : HHH10001005: Database info:
	Database JDBC URL [Connecting through datasource 'HikariDataSource (HikariPool-1)']
	Database driver: undefined/unknown
	Database version: 17.0
	Autocommit mode: undefined/unknown
	Isolation level: undefined/unknown
	Minimum pool size: undefined/unknown
	Maximum pool size: undefined/unknown
2024-12-01T21:10:53.774+02:00  INFO 11612 --- [spring-boot-app] [main] o.h.e.t.j.p.i.JtaPlatformInitiator       : HHH000489: No JTA platform available (set 'hibernate.transaction.jta.platform' to enable JTA platform integration)
2024-12-01T21:10:53.776+02:00  INFO 11612 --- [spring-boot-app] [main] j.LocalContainerEntityManagerFactoryBean : Initialized JPA EntityManagerFactory for persistence unit 'default'
2024-12-01T21:10:54.179+02:00  INFO 11612 --- [spring-boot-app] [main] o.s.b.w.embedded.tomcat.TomcatWebServer  : Tomcat started on port 8080 (http) with context path '/'
2024-12-01T21:10:54.182+02:00  INFO 11612 --- [spring-boot-app] [main] c.e.s.SpringBootAppApplication           : Started SpringBootAppApplication in 2.469 seconds (process running for 2.812)
2024-12-01T21:11:05.113+02:00  INFO 11612 --- [spring-boot-app] [http-nio-8080-exec-1] o.a.c.c.C.[Tomcat].[localhost].[/]       : Initializing Spring DispatcherServlet 'dispatcherServlet'
2024-12-01T21:11:05.114+02:00  INFO 11612 --- [spring-boot-app] [http-nio-8080-exec-1] o.s.web.servlet.DispatcherServlet        : Initializing Servlet 'dispatcherServlet'
2024-12-01T21:11:05.115+02:00  INFO 11612 --- [spring-boot-app] [http-nio-8080-exec-1] o.s.web.servlet.DispatcherServlet        : Completed initialization in 1 ms
2024-12-01T21:11:05.144+02:00  INFO 11612 --- [spring-boot-app] [http-nio-8080-exec-1] c.e.s.p.services.GetProductService       : Executing class com.example.springbootapp.product.services.GetProductsService
2024-12-01T21:29:46.965+02:00  INFO 11612 --- [spring-boot-app] [SpringApplicationShutdownHook] o.s.b.w.e.tomcat.GracefulShutdown        : Commencing graceful shutdown. Waiting for active requests to complete
2024-12-01T21:29:46.975+02:00  INFO 11612 --- [spring-boot-app] [tomcat-shutdown] o.s.b.w.e.tomcat.GracefulShutdown        : Graceful shutdown complete
2024-12-01T21:29:46.982+02:00  INFO 11612 --- [spring-boot-app] [SpringApplicationShutdownHook] j.LocalContainerEntityManagerFactoryBean : Closing JPA EntityManagerFactory for persistence unit 'default'
2024-12-01T21:29:46.984+02:00  INFO 11612 --- [spring-boot-app] [SpringApplicationShutdownHook] com.zaxxer.hikari.HikariDataSource       : HikariPool-1 - Shutdown initiated...
2024-12-01T21:29:46.990+02:00  INFO 11612 --- [spring-boot-app] [SpringApplicationShutdownHook] com.zaxxer.hikari.HikariDataSource       : HikariPool-1 - Shutdown completed.
2024-12-01T21:29:49.784+02:00  INFO 20024 --- [spring-boot-app] [main] c.e.s.SpringBootAppApplication           : Starting SpringBootAppApplication using Java 23.0.1 with PID 20024 (C:\Users\nikol\source\repos\@java\spring-boot-app\target\classes started by Niko in C:\Users\nikol\source\repos\@java\spring-boot-app)
2024-12-01T21:29:49.786+02:00  INFO 20024 --- [spring-boot-app] [main] c.e.s.SpringBootAppApplication           : No active profile set, falling back to 1 default profile: "default"
2024-12-01T21:29:50.196+02:00  INFO 20024 --- [spring-boot-app] [main] .s.d.r.c.RepositoryConfigurationDelegate : Bootstrapping Spring Data JPA repositories in DEFAULT mode.
2024-12-01T21:29:50.233+02:00  INFO 20024 --- [spring-boot-app] [main] .s.d.r.c.RepositoryConfigurationDelegate : Finished Spring Data repository scanning in 31 ms. Found 2 JPA repository interfaces.
2024-12-01T21:29:50.528+02:00  INFO 20024 --- [spring-boot-app] [main] o.s.b.w.embedded.tomcat.TomcatWebServer  : Tomcat initialized with port 8080 (http)
2024-12-01T21:29:50.536+02:00  INFO 20024 --- [spring-boot-app] [main] o.apache.catalina.core.StandardService   : Starting service [Tomcat]
2024-12-01T21:29:50.536+02:00  INFO 20024 --- [spring-boot-app] [main] o.apache.catalina.core.StandardEngine    : Starting Servlet engine: [Apache Tomcat/10.1.33]
2024-12-01T21:29:50.569+02:00  INFO 20024 --- [spring-boot-app] [main] o.a.c.c.C.[Tomcat].[localhost].[/]       : Initializing Spring embedded WebApplicationContext
2024-12-01T21:29:50.569+02:00  INFO 20024 --- [spring-boot-app] [main] w.s.c.ServletWebServerApplicationContext : Root WebApplicationContext: initialization completed in 748 ms
2024-12-01T21:29:50.634+02:00  INFO 20024 --- [spring-boot-app] [main] com.zaxxer.hikari.HikariDataSource       : HikariPool-1 - Starting...
2024-12-01T21:29:50.848+02:00  INFO 20024 --- [spring-boot-app] [main] com.zaxxer.hikari.pool.HikariPool        : HikariPool-1 - Added connection org.postgresql.jdbc.PgConnection@48268eec
2024-12-01T21:29:50.849+02:00  INFO 20024 --- [spring-boot-app] [main] com.zaxxer.hikari.HikariDataSource       : HikariPool-1 - Start completed.
2024-12-01T21:29:50.886+02:00  INFO 20024 --- [spring-boot-app] [main] o.hibernate.jpa.internal.util.LogHelper  : HHH000204: Processing PersistenceUnitInfo [name: default]
2024-12-01T21:29:50.916+02:00  INFO 20024 --- [spring-boot-app] [main] org.hibernate.Version                    : HHH000412: Hibernate ORM core version 6.6.2.Final
2024-12-01T21:29:50.938+02:00  INFO 20024 --- [spring-boot-app] [main] o.h.c.internal.RegionFactoryInitiator    : HHH000026: Second-level cache disabled
2024-12-01T21:29:51.092+02:00  INFO 20024 --- [spring-boot-app] [main] o.s.o.j.p.SpringPersistenceUnitInfo      : No LoadTimeWeaver setup: ignoring JPA class transformer
2024-12-01T21:29:51.146+02:00  INFO 20024 --- [spring-boot-app] [main] org.hibernate.orm.connections.pooling    : HHH10001005: Database info:
	Database JDBC URL [Connecting through datasource 'HikariDataSource (HikariPool-1)']
	Database driver: undefined/unknown
	Database version: 17.0
	Autocommit mode: undefined/unknown
	Isolation level: undefined/unknown
	Minimum pool size: undefined/unknown
	Maximum pool size: undefined/unknown
2024-12-01T21:29:51.750+02:00  INFO 20024 --- [spring-boot-app] [main] o.h.e.t.j.p.i.JtaPlatformInitiator       : HHH000489: No JTA platform available (set 'hibernate.transaction.jta.platform' to enable JTA platform integration)
2024-12-01T21:29:51.752+02:00  INFO 20024 --- [spring-boot-app] [main] j.LocalContainerEntityManagerFactoryBean : Initialized JPA EntityManagerFactory for persistence unit 'default'
2024-12-01T21:29:52.207+02:00  INFO 20024 --- [spring-boot-app] [main] o.s.b.w.embedded.tomcat.TomcatWebServer  : Tomcat started on port 8080 (http) with context path '/'
2024-12-01T21:29:52.211+02:00  INFO 20024 --- [spring-boot-app] [main] c.e.s.SpringBootAppApplication           : Started SpringBootAppApplication in 2.711 seconds (process running for 3.068)
2024-12-01T21:29:57.984+02:00  INFO 20024 --- [spring-boot-app] [http-nio-8080-exec-3] o.a.c.c.C.[Tomcat].[localhost].[/]       : Initializing Spring DispatcherServlet 'dispatcherServlet'
2024-12-01T21:29:57.984+02:00  INFO 20024 --- [spring-boot-app] [http-nio-8080-exec-3] o.s.web.servlet.DispatcherServlet        : Initializing Servlet 'dispatcherServlet'
2024-12-01T21:29:57.986+02:00  INFO 20024 --- [spring-boot-app] [http-nio-8080-exec-3] o.s.web.servlet.DispatcherServlet        : Completed initialization in 2 ms
2024-12-01T21:29:58.012+02:00  INFO 20024 --- [spring-boot-app] [http-nio-8080-exec-3] c.e.s.p.services.GetProductService       : Executing class com.example.springbootapp.product.services.GetProductService input: 2
2024-12-01T21:30:14.107+02:00  INFO 20024 --- [spring-boot-app] [http-nio-8080-exec-2] c.e.s.p.services.GetProductService       : Executing class com.example.springbootapp.product.services.GetProductService input: 2
2024-12-01T21:30:20.028+02:00  INFO 20024 --- [spring-boot-app] [http-nio-8080-exec-4] c.e.s.p.services.GetProductService       : Executing class com.example.springbootapp.product.services.GetProductService input: 2
2024-12-01T21:30:20.665+02:00  INFO 20024 --- [spring-boot-app] [http-nio-8080-exec-5] c.e.s.p.services.GetProductService       : Executing class com.example.springbootapp.product.services.GetProductService input: 2
2024-12-01T21:30:21.275+02:00  INFO 20024 --- [spring-boot-app] [http-nio-8080-exec-6] c.e.s.p.services.GetProductService       : Executing class com.example.springbootapp.product.services.GetProductService input: 2
2024-12-01T21:30:21.834+02:00  INFO 20024 --- [spring-boot-app] [http-nio-8080-exec-8] c.e.s.p.services.GetProductService       : Executing class com.example.springbootapp.product.services.GetProductService input: 2
2024-12-01T21:30:22.376+02:00  INFO 20024 --- [spring-boot-app] [http-nio-8080-exec-7] c.e.s.p.services.GetProductService       : Executing class com.example.springbootapp.product.services.GetProductService input: 2
2024-12-01T21:30:22.970+02:00  INFO 20024 --- [spring-boot-app] [http-nio-8080-exec-9] c.e.s.p.services.GetProductService       : Executing class com.example.springbootapp.product.services.GetProductService input: 2
2024-12-01T21:30:58.953+02:00  INFO 20024 --- [spring-boot-app] [SpringApplicationShutdownHook] o.s.b.w.e.tomcat.GracefulShutdown        : Commencing graceful shutdown. Waiting for active requests to complete
2024-12-01T21:30:58.962+02:00  INFO 20024 --- [spring-boot-app] [tomcat-shutdown] o.s.b.w.e.tomcat.GracefulShutdown        : Graceful shutdown complete
2024-12-01T21:30:58.967+02:00  INFO 20024 --- [spring-boot-app] [SpringApplicationShutdownHook] j.LocalContainerEntityManagerFactoryBean : Closing JPA EntityManagerFactory for persistence unit 'default'
2024-12-01T21:30:58.969+02:00  INFO 20024 --- [spring-boot-app] [SpringApplicationShutdownHook] com.zaxxer.hikari.HikariDataSource       : HikariPool-1 - Shutdown initiated...
2024-12-01T21:30:58.971+02:00  INFO 20024 --- [spring-boot-app] [SpringApplicationShutdownHook] com.zaxxer.hikari.HikariDataSource       : HikariPool-1 - Shutdown completed.
2024-12-01T21:31:02.177+02:00  INFO 15088 --- [spring-boot-app] [main] c.e.s.SpringBootAppApplication           : Starting SpringBootAppApplication using Java 23.0.1 with PID 15088 (C:\Users\nikol\source\repos\@java\spring-boot-app\target\classes started by Niko in C:\Users\nikol\source\repos\@java\spring-boot-app)
2024-12-01T21:31:02.179+02:00  INFO 15088 --- [spring-boot-app] [main] c.e.s.SpringBootAppApplication           : No active profile set, falling back to 1 default profile: "default"
2024-12-01T21:31:02.603+02:00  INFO 15088 --- [spring-boot-app] [main] .s.d.r.c.RepositoryConfigurationDelegate : Bootstrapping Spring Data JPA repositories in DEFAULT mode.
2024-12-01T21:31:02.637+02:00  INFO 15088 --- [spring-boot-app] [main] .s.d.r.c.RepositoryConfigurationDelegate : Finished Spring Data repository scanning in 29 ms. Found 2 JPA repository interfaces.
2024-12-01T21:31:02.960+02:00  INFO 15088 --- [spring-boot-app] [main] o.s.b.w.embedded.tomcat.TomcatWebServer  : Tomcat initialized with port 8080 (http)
2024-12-01T21:31:02.969+02:00  INFO 15088 --- [spring-boot-app] [main] o.apache.catalina.core.StandardService   : Starting service [Tomcat]
2024-12-01T21:31:02.970+02:00  INFO 15088 --- [spring-boot-app] [main] o.apache.catalina.core.StandardEngine    : Starting Servlet engine: [Apache Tomcat/10.1.33]
2024-12-01T21:31:03.003+02:00  INFO 15088 --- [spring-boot-app] [main] o.a.c.c.C.[Tomcat].[localhost].[/]       : Initializing Spring embedded WebApplicationContext
2024-12-01T21:31:03.003+02:00  INFO 15088 --- [spring-boot-app] [main] w.s.c.ServletWebServerApplicationContext : Root WebApplicationContext: initialization completed in 788 ms
2024-12-01T21:31:03.081+02:00  INFO 15088 --- [spring-boot-app] [main] com.zaxxer.hikari.HikariDataSource       : HikariPool-1 - Starting...
2024-12-01T21:31:03.183+02:00  INFO 15088 --- [spring-boot-app] [main] com.zaxxer.hikari.pool.HikariPool        : HikariPool-1 - Added connection org.postgresql.jdbc.PgConnection@383cb5ce
2024-12-01T21:31:03.184+02:00  INFO 15088 --- [spring-boot-app] [main] com.zaxxer.hikari.HikariDataSource       : HikariPool-1 - Start completed.
2024-12-01T21:31:03.219+02:00  INFO 15088 --- [spring-boot-app] [main] o.hibernate.jpa.internal.util.LogHelper  : HHH000204: Processing PersistenceUnitInfo [name: default]
2024-12-01T21:31:03.251+02:00  INFO 15088 --- [spring-boot-app] [main] org.hibernate.Version                    : HHH000412: Hibernate ORM core version 6.6.2.Final
2024-12-01T21:31:03.270+02:00  INFO 15088 --- [spring-boot-app] [main] o.h.c.internal.RegionFactoryInitiator    : HHH000026: Second-level cache disabled
2024-12-01T21:31:03.434+02:00  INFO 15088 --- [spring-boot-app] [main] o.s.o.j.p.SpringPersistenceUnitInfo      : No LoadTimeWeaver setup: ignoring JPA class transformer
2024-12-01T21:31:03.488+02:00  INFO 15088 --- [spring-boot-app] [main] org.hibernate.orm.connections.pooling    : HHH10001005: Database info:
	Database JDBC URL [Connecting through datasource 'HikariDataSource (HikariPool-1)']
	Database driver: undefined/unknown
	Database version: 17.0
	Autocommit mode: undefined/unknown
	Isolation level: undefined/unknown
	Minimum pool size: undefined/unknown
	Maximum pool size: undefined/unknown
2024-12-01T21:31:04.056+02:00  INFO 15088 --- [spring-boot-app] [main] o.h.e.t.j.p.i.JtaPlatformInitiator       : HHH000489: No JTA platform available (set 'hibernate.transaction.jta.platform' to enable JTA platform integration)
2024-12-01T21:31:04.058+02:00  INFO 15088 --- [spring-boot-app] [main] j.LocalContainerEntityManagerFactoryBean : Initialized JPA EntityManagerFactory for persistence unit 'default'
2024-12-01T21:31:04.551+02:00  INFO 15088 --- [spring-boot-app] [main] o.s.b.w.embedded.tomcat.TomcatWebServer  : Tomcat started on port 8080 (http) with context path '/'
2024-12-01T21:31:04.555+02:00  INFO 15088 --- [spring-boot-app] [main] c.e.s.SpringBootAppApplication           : Started SpringBootAppApplication in 2.629 seconds (process running for 3.021)
2024-12-01T21:31:07.961+02:00  INFO 15088 --- [spring-boot-app] [http-nio-8080-exec-1] o.a.c.c.C.[Tomcat].[localhost].[/]       : Initializing Spring DispatcherServlet 'dispatcherServlet'
2024-12-01T21:31:07.961+02:00  INFO 15088 --- [spring-boot-app] [http-nio-8080-exec-1] o.s.web.servlet.DispatcherServlet        : Initializing Servlet 'dispatcherServlet'
2024-12-01T21:31:07.963+02:00  INFO 15088 --- [spring-boot-app] [http-nio-8080-exec-1] o.s.web.servlet.DispatcherServlet        : Completed initialization in 2 ms
2024-12-01T21:31:07.996+02:00  INFO 15088 --- [spring-boot-app] [http-nio-8080-exec-1] c.e.s.p.services.GetProductService       : Executing class com.example.springbootapp.product.services.GetProductService input: 2
2024-12-01T21:31:36.470+02:00  INFO 15088 --- [spring-boot-app] [http-nio-8080-exec-10] c.e.s.p.services.GetProductService       : Executing class com.example.springbootapp.product.services.UpdateProductServicefor id: com.example.springbootapp.product.model.UpdateProductCommand@2b094f20
2024-12-01T21:33:01.890+02:00  INFO 15088 --- [spring-boot-app] [SpringApplicationShutdownHook] o.s.b.w.e.tomcat.GracefulShutdown        : Commencing graceful shutdown. Waiting for active requests to complete
2024-12-01T21:33:01.896+02:00  INFO 15088 --- [spring-boot-app] [tomcat-shutdown] o.s.b.w.e.tomcat.GracefulShutdown        : Graceful shutdown complete
2024-12-01T21:33:01.899+02:00  INFO 15088 --- [spring-boot-app] [SpringApplicationShutdownHook] j.LocalContainerEntityManagerFactoryBean : Closing JPA EntityManagerFactory for persistence unit 'default'
2024-12-01T21:33:01.901+02:00  INFO 15088 --- [spring-boot-app] [SpringApplicationShutdownHook] com.zaxxer.hikari.HikariDataSource       : HikariPool-1 - Shutdown initiated...
2024-12-01T21:33:01.909+02:00  INFO 15088 --- [spring-boot-app] [SpringApplicationShutdownHook] com.zaxxer.hikari.HikariDataSource       : HikariPool-1 - Shutdown completed.
2024-12-01T21:33:05.104+02:00  INFO 19392 --- [spring-boot-app] [main] c.e.s.SpringBootAppApplication           : Starting SpringBootAppApplication using Java 23.0.1 with PID 19392 (C:\Users\nikol\source\repos\@java\spring-boot-app\target\classes started by Niko in C:\Users\nikol\source\repos\@java\spring-boot-app)
2024-12-01T21:33:05.105+02:00  INFO 19392 --- [spring-boot-app] [main] c.e.s.SpringBootAppApplication           : No active profile set, falling back to 1 default profile: "default"
2024-12-01T21:33:05.611+02:00  INFO 19392 --- [spring-boot-app] [main] .s.d.r.c.RepositoryConfigurationDelegate : Bootstrapping Spring Data JPA repositories in DEFAULT mode.
2024-12-01T21:33:05.661+02:00  INFO 19392 --- [spring-boot-app] [main] .s.d.r.c.RepositoryConfigurationDelegate : Finished Spring Data repository scanning in 42 ms. Found 2 JPA repository interfaces.
2024-12-01T21:33:06.020+02:00  INFO 19392 --- [spring-boot-app] [main] o.s.b.w.embedded.tomcat.TomcatWebServer  : Tomcat initialized with port 8080 (http)
2024-12-01T21:33:06.030+02:00  INFO 19392 --- [spring-boot-app] [main] o.apache.catalina.core.StandardService   : Starting service [Tomcat]
2024-12-01T21:33:06.030+02:00  INFO 19392 --- [spring-boot-app] [main] o.apache.catalina.core.StandardEngine    : Starting Servlet engine: [Apache Tomcat/10.1.33]
2024-12-01T21:33:06.062+02:00  INFO 19392 --- [spring-boot-app] [main] o.a.c.c.C.[Tomcat].[localhost].[/]       : Initializing Spring embedded WebApplicationContext
2024-12-01T21:33:06.062+02:00  INFO 19392 --- [spring-boot-app] [main] w.s.c.ServletWebServerApplicationContext : Root WebApplicationContext: initialization completed in 918 ms
2024-12-01T21:33:06.144+02:00  INFO 19392 --- [spring-boot-app] [main] com.zaxxer.hikari.HikariDataSource       : HikariPool-1 - Starting...
2024-12-01T21:33:06.253+02:00  INFO 19392 --- [spring-boot-app] [main] com.zaxxer.hikari.pool.HikariPool        : HikariPool-1 - Added connection org.postgresql.jdbc.PgConnection@5c931134
2024-12-01T21:33:06.254+02:00  INFO 19392 --- [spring-boot-app] [main] com.zaxxer.hikari.HikariDataSource       : HikariPool-1 - Start completed.
2024-12-01T21:33:06.298+02:00  INFO 19392 --- [spring-boot-app] [main] o.hibernate.jpa.internal.util.LogHelper  : HHH000204: Processing PersistenceUnitInfo [name: default]
2024-12-01T21:33:06.330+02:00  INFO 19392 --- [spring-boot-app] [main] org.hibernate.Version                    : HHH000412: Hibernate ORM core version 6.6.2.Final
2024-12-01T21:33:06.349+02:00  INFO 19392 --- [spring-boot-app] [main] o.h.c.internal.RegionFactoryInitiator    : HHH000026: Second-level cache disabled
2024-12-01T21:33:06.518+02:00  INFO 19392 --- [spring-boot-app] [main] o.s.o.j.p.SpringPersistenceUnitInfo      : No LoadTimeWeaver setup: ignoring JPA class transformer
2024-12-01T21:33:06.574+02:00  INFO 19392 --- [spring-boot-app] [main] org.hibernate.orm.connections.pooling    : HHH10001005: Database info:
	Database JDBC URL [Connecting through datasource 'HikariDataSource (HikariPool-1)']
	Database driver: undefined/unknown
	Database version: 17.0
	Autocommit mode: undefined/unknown
	Isolation level: undefined/unknown
	Minimum pool size: undefined/unknown
	Maximum pool size: undefined/unknown
2024-12-01T21:33:07.195+02:00  INFO 19392 --- [spring-boot-app] [main] o.h.e.t.j.p.i.JtaPlatformInitiator       : HHH000489: No JTA platform available (set 'hibernate.transaction.jta.platform' to enable JTA platform integration)
2024-12-01T21:33:07.198+02:00  INFO 19392 --- [spring-boot-app] [main] j.LocalContainerEntityManagerFactoryBean : Initialized JPA EntityManagerFactory for persistence unit 'default'
2024-12-01T21:33:07.732+02:00  INFO 19392 --- [spring-boot-app] [main] o.s.b.w.embedded.tomcat.TomcatWebServer  : Tomcat started on port 8080 (http) with context path '/'
2024-12-01T21:33:07.737+02:00  INFO 19392 --- [spring-boot-app] [main] c.e.s.SpringBootAppApplication           : Started SpringBootAppApplication in 2.896 seconds (process running for 3.241)
2024-12-01T21:33:12.465+02:00  INFO 19392 --- [spring-boot-app] [http-nio-8080-exec-1] o.a.c.c.C.[Tomcat].[localhost].[/]       : Initializing Spring DispatcherServlet 'dispatcherServlet'
2024-12-01T21:33:12.466+02:00  INFO 19392 --- [spring-boot-app] [http-nio-8080-exec-1] o.s.web.servlet.DispatcherServlet        : Initializing Servlet 'dispatcherServlet'
2024-12-01T21:33:12.466+02:00  INFO 19392 --- [spring-boot-app] [http-nio-8080-exec-1] o.s.web.servlet.DispatcherServlet        : Completed initialization in 0 ms
2024-12-01T21:33:12.496+02:00  INFO 19392 --- [spring-boot-app] [http-nio-8080-exec-1] c.e.s.p.services.GetProductService       : Executing class com.example.springbootapp.product.services.GetProductService input: 2
2024-12-01T21:33:28.328+02:00  INFO 19392 --- [spring-boot-app] [http-nio-8080-exec-7] c.e.s.p.services.GetProductService       : Executing class com.example.springbootapp.product.services.UpdateProductServicefor id: com.example.springbootapp.product.model.UpdateProductCommand@382f16db
2024-12-01T21:33:32.921+02:00  INFO 19392 --- [spring-boot-app] [http-nio-8080-exec-8] c.e.s.p.services.GetProductService       : Executing class com.example.springbootapp.product.services.GetProductService input: 2
2024-12-01T21:34:11.235+02:00  INFO 19392 --- [spring-boot-app] [SpringApplicationShutdownHook] o.s.b.w.e.tomcat.GracefulShutdown        : Commencing graceful shutdown. Waiting for active requests to complete
2024-12-01T21:34:11.243+02:00  INFO 19392 --- [spring-boot-app] [tomcat-shutdown] o.s.b.w.e.tomcat.GracefulShutdown        : Graceful shutdown complete
2024-12-01T21:34:11.246+02:00  INFO 19392 --- [spring-boot-app] [SpringApplicationShutdownHook] j.LocalContainerEntityManagerFactoryBean : Closing JPA EntityManagerFactory for persistence unit 'default'
2024-12-01T21:34:11.247+02:00  INFO 19392 --- [spring-boot-app] [SpringApplicationShutdownHook] com.zaxxer.hikari.HikariDataSource       : HikariPool-1 - Shutdown initiated...
2024-12-01T21:34:11.252+02:00  INFO 19392 --- [spring-boot-app] [SpringApplicationShutdownHook] com.zaxxer.hikari.HikariDataSource       : HikariPool-1 - Shutdown completed.
2024-12-01T21:34:14.332+02:00  INFO 20408 --- [spring-boot-app] [main] c.e.s.SpringBootAppApplication           : Starting SpringBootAppApplication using Java 23.0.1 with PID 20408 (C:\Users\nikol\source\repos\@java\spring-boot-app\target\classes started by Niko in C:\Users\nikol\source\repos\@java\spring-boot-app)
2024-12-01T21:34:14.334+02:00  INFO 20408 --- [spring-boot-app] [main] c.e.s.SpringBootAppApplication           : No active profile set, falling back to 1 default profile: "default"
2024-12-01T21:34:14.784+02:00  INFO 20408 --- [spring-boot-app] [main] .s.d.r.c.RepositoryConfigurationDelegate : Bootstrapping Spring Data JPA repositories in DEFAULT mode.
2024-12-01T21:34:14.821+02:00  INFO 20408 --- [spring-boot-app] [main] .s.d.r.c.RepositoryConfigurationDelegate : Finished Spring Data repository scanning in 31 ms. Found 2 JPA repository interfaces.
2024-12-01T21:34:15.148+02:00  INFO 20408 --- [spring-boot-app] [main] o.s.b.w.embedded.tomcat.TomcatWebServer  : Tomcat initialized with port 8080 (http)
2024-12-01T21:34:15.158+02:00  INFO 20408 --- [spring-boot-app] [main] o.apache.catalina.core.StandardService   : Starting service [Tomcat]
2024-12-01T21:34:15.158+02:00  INFO 20408 --- [spring-boot-app] [main] o.apache.catalina.core.StandardEngine    : Starting Servlet engine: [Apache Tomcat/10.1.33]
2024-12-01T21:34:15.192+02:00  INFO 20408 --- [spring-boot-app] [main] o.a.c.c.C.[Tomcat].[localhost].[/]       : Initializing Spring embedded WebApplicationContext
2024-12-01T21:34:15.193+02:00  INFO 20408 --- [spring-boot-app] [main] w.s.c.ServletWebServerApplicationContext : Root WebApplicationContext: initialization completed in 823 ms
2024-12-01T21:34:15.266+02:00  INFO 20408 --- [spring-boot-app] [main] com.zaxxer.hikari.HikariDataSource       : HikariPool-1 - Starting...
2024-12-01T21:34:15.373+02:00  INFO 20408 --- [spring-boot-app] [main] com.zaxxer.hikari.pool.HikariPool        : HikariPool-1 - Added connection org.postgresql.jdbc.PgConnection@353f472a
2024-12-01T21:34:15.375+02:00  INFO 20408 --- [spring-boot-app] [main] com.zaxxer.hikari.HikariDataSource       : HikariPool-1 - Start completed.
2024-12-01T21:34:15.417+02:00  INFO 20408 --- [spring-boot-app] [main] o.hibernate.jpa.internal.util.LogHelper  : HHH000204: Processing PersistenceUnitInfo [name: default]
2024-12-01T21:34:15.444+02:00  INFO 20408 --- [spring-boot-app] [main] org.hibernate.Version                    : HHH000412: Hibernate ORM core version 6.6.2.Final
2024-12-01T21:34:15.461+02:00  INFO 20408 --- [spring-boot-app] [main] o.h.c.internal.RegionFactoryInitiator    : HHH000026: Second-level cache disabled
2024-12-01T21:34:15.620+02:00  INFO 20408 --- [spring-boot-app] [main] o.s.o.j.p.SpringPersistenceUnitInfo      : No LoadTimeWeaver setup: ignoring JPA class transformer
2024-12-01T21:34:15.677+02:00  INFO 20408 --- [spring-boot-app] [main] org.hibernate.orm.connections.pooling    : HHH10001005: Database info:
	Database JDBC URL [Connecting through datasource 'HikariDataSource (HikariPool-1)']
	Database driver: undefined/unknown
	Database version: 17.0
	Autocommit mode: undefined/unknown
	Isolation level: undefined/unknown
	Minimum pool size: undefined/unknown
	Maximum pool size: undefined/unknown
2024-12-01T21:34:16.273+02:00  INFO 20408 --- [spring-boot-app] [main] o.h.e.t.j.p.i.JtaPlatformInitiator       : HHH000489: No JTA platform available (set 'hibernate.transaction.jta.platform' to enable JTA platform integration)
2024-12-01T21:34:16.276+02:00  INFO 20408 --- [spring-boot-app] [main] j.LocalContainerEntityManagerFactoryBean : Initialized JPA EntityManagerFactory for persistence unit 'default'
2024-12-01T21:34:16.856+02:00  INFO 20408 --- [spring-boot-app] [main] o.s.b.w.embedded.tomcat.TomcatWebServer  : Tomcat started on port 8080 (http) with context path '/'
2024-12-01T21:34:16.862+02:00  INFO 20408 --- [spring-boot-app] [main] c.e.s.SpringBootAppApplication           : Started SpringBootAppApplication in 2.794 seconds (process running for 3.146)
2024-12-01T21:34:19.143+02:00  INFO 20408 --- [spring-boot-app] [http-nio-8080-exec-4] o.a.c.c.C.[Tomcat].[localhost].[/]       : Initializing Spring DispatcherServlet 'dispatcherServlet'
2024-12-01T21:34:19.143+02:00  INFO 20408 --- [spring-boot-app] [http-nio-8080-exec-4] o.s.web.servlet.DispatcherServlet        : Initializing Servlet 'dispatcherServlet'
2024-12-01T21:34:19.144+02:00  INFO 20408 --- [spring-boot-app] [http-nio-8080-exec-4] o.s.web.servlet.DispatcherServlet        : Completed initialization in 1 ms
2024-12-01T21:34:19.173+02:00  INFO 20408 --- [spring-boot-app] [http-nio-8080-exec-4] c.e.s.p.services.GetProductService       : Executing class com.example.springbootapp.product.services.GetProductService input: 2
2024-12-01T21:34:27.012+02:00  INFO 20408 --- [spring-boot-app] [http-nio-8080-exec-2] c.e.s.p.services.GetProductService       : Executing class com.example.springbootapp.product.services.UpdateProductServicefor id: com.example.springbootapp.product.model.UpdateProductCommand@37e7bb91
2024-12-01T21:38:05.723+02:00  INFO 20408 --- [spring-boot-app] [SpringApplicationShutdownHook] o.s.b.w.e.tomcat.GracefulShutdown        : Commencing graceful shutdown. Waiting for active requests to complete
2024-12-01T21:38:05.732+02:00  INFO 20408 --- [spring-boot-app] [tomcat-shutdown] o.s.b.w.e.tomcat.GracefulShutdown        : Graceful shutdown complete
2024-12-01T21:38:05.735+02:00  INFO 20408 --- [spring-boot-app] [SpringApplicationShutdownHook] j.LocalContainerEntityManagerFactoryBean : Closing JPA EntityManagerFactory for persistence unit 'default'
2024-12-01T21:38:05.737+02:00  INFO 20408 --- [spring-boot-app] [SpringApplicationShutdownHook] com.zaxxer.hikari.HikariDataSource       : HikariPool-1 - Shutdown initiated...
2024-12-01T21:38:05.742+02:00  INFO 20408 --- [spring-boot-app] [SpringApplicationShutdownHook] com.zaxxer.hikari.HikariDataSource       : HikariPool-1 - Shutdown completed.
2024-12-01T21:38:08.758+02:00  INFO 19548 --- [spring-boot-app] [main] c.e.s.SpringBootAppApplication           : Starting SpringBootAppApplication using Java 23.0.1 with PID 19548 (C:\Users\nikol\source\repos\@java\spring-boot-app\target\classes started by Niko in C:\Users\nikol\source\repos\@java\spring-boot-app)
2024-12-01T21:38:08.760+02:00  INFO 19548 --- [spring-boot-app] [main] c.e.s.SpringBootAppApplication           : No active profile set, falling back to 1 default profile: "default"
2024-12-01T21:38:09.183+02:00  INFO 19548 --- [spring-boot-app] [main] .s.d.r.c.RepositoryConfigurationDelegate : Bootstrapping Spring Data JPA repositories in DEFAULT mode.
2024-12-01T21:38:09.220+02:00  INFO 19548 --- [spring-boot-app] [main] .s.d.r.c.RepositoryConfigurationDelegate : Finished Spring Data repository scanning in 32 ms. Found 2 JPA repository interfaces.
2024-12-01T21:38:09.537+02:00  INFO 19548 --- [spring-boot-app] [main] o.s.b.w.embedded.tomcat.TomcatWebServer  : Tomcat initialized with port 8080 (http)
2024-12-01T21:38:09.545+02:00  INFO 19548 --- [spring-boot-app] [main] o.apache.catalina.core.StandardService   : Starting service [Tomcat]
2024-12-01T21:38:09.546+02:00  INFO 19548 --- [spring-boot-app] [main] o.apache.catalina.core.StandardEngine    : Starting Servlet engine: [Apache Tomcat/10.1.33]
2024-12-01T21:38:09.574+02:00  INFO 19548 --- [spring-boot-app] [main] o.a.c.c.C.[Tomcat].[localhost].[/]       : Initializing Spring embedded WebApplicationContext
2024-12-01T21:38:09.575+02:00  INFO 19548 --- [spring-boot-app] [main] w.s.c.ServletWebServerApplicationContext : Root WebApplicationContext: initialization completed in 776 ms
2024-12-01T21:38:09.639+02:00  INFO 19548 --- [spring-boot-app] [main] com.zaxxer.hikari.HikariDataSource       : HikariPool-1 - Starting...
2024-12-01T21:38:09.742+02:00  INFO 19548 --- [spring-boot-app] [main] com.zaxxer.hikari.pool.HikariPool        : HikariPool-1 - Added connection org.postgresql.jdbc.PgConnection@15c6027d
2024-12-01T21:38:09.743+02:00  INFO 19548 --- [spring-boot-app] [main] com.zaxxer.hikari.HikariDataSource       : HikariPool-1 - Start completed.
2024-12-01T21:38:09.785+02:00  INFO 19548 --- [spring-boot-app] [main] o.hibernate.jpa.internal.util.LogHelper  : HHH000204: Processing PersistenceUnitInfo [name: default]
2024-12-01T21:38:09.815+02:00  INFO 19548 --- [spring-boot-app] [main] org.hibernate.Version                    : HHH000412: Hibernate ORM core version 6.6.2.Final
2024-12-01T21:38:09.833+02:00  INFO 19548 --- [spring-boot-app] [main] o.h.c.internal.RegionFactoryInitiator    : HHH000026: Second-level cache disabled
2024-12-01T21:38:09.987+02:00  INFO 19548 --- [spring-boot-app] [main] o.s.o.j.p.SpringPersistenceUnitInfo      : No LoadTimeWeaver setup: ignoring JPA class transformer
2024-12-01T21:38:10.037+02:00  INFO 19548 --- [spring-boot-app] [main] org.hibernate.orm.connections.pooling    : HHH10001005: Database info:
	Database JDBC URL [Connecting through datasource 'HikariDataSource (HikariPool-1)']
	Database driver: undefined/unknown
	Database version: 17.0
	Autocommit mode: undefined/unknown
	Isolation level: undefined/unknown
	Minimum pool size: undefined/unknown
	Maximum pool size: undefined/unknown
2024-12-01T21:38:10.583+02:00  INFO 19548 --- [spring-boot-app] [main] o.h.e.t.j.p.i.JtaPlatformInitiator       : HHH000489: No JTA platform available (set 'hibernate.transaction.jta.platform' to enable JTA platform integration)
2024-12-01T21:38:10.585+02:00  INFO 19548 --- [spring-boot-app] [main] j.LocalContainerEntityManagerFactoryBean : Initialized JPA EntityManagerFactory for persistence unit 'default'
2024-12-01T21:38:11.068+02:00  INFO 19548 --- [spring-boot-app] [main] o.s.b.w.embedded.tomcat.TomcatWebServer  : Tomcat started on port 8080 (http) with context path '/'
2024-12-01T21:38:11.074+02:00  INFO 19548 --- [spring-boot-app] [main] c.e.s.SpringBootAppApplication           : Started SpringBootAppApplication in 2.56 seconds (process running for 2.9)
2024-12-01T21:51:34.930+02:00  INFO 19548 --- [spring-boot-app] [SpringApplicationShutdownHook] o.s.b.w.e.tomcat.GracefulShutdown        : Commencing graceful shutdown. Waiting for active requests to complete
2024-12-01T21:51:34.936+02:00  INFO 19548 --- [spring-boot-app] [tomcat-shutdown] o.s.b.w.e.tomcat.GracefulShutdown        : Graceful shutdown complete
2024-12-01T21:51:34.939+02:00  INFO 19548 --- [spring-boot-app] [SpringApplicationShutdownHook] j.LocalContainerEntityManagerFactoryBean : Closing JPA EntityManagerFactory for persistence unit 'default'
2024-12-01T21:51:34.941+02:00  INFO 19548 --- [spring-boot-app] [SpringApplicationShutdownHook] com.zaxxer.hikari.HikariDataSource       : HikariPool-1 - Shutdown initiated...
2024-12-01T21:51:34.947+02:00  INFO 19548 --- [spring-boot-app] [SpringApplicationShutdownHook] com.zaxxer.hikari.HikariDataSource       : HikariPool-1 - Shutdown completed.
2024-12-01T21:51:38.161+02:00  INFO 17652 --- [spring-boot-app] [main] c.e.s.SpringBootAppApplication           : Starting SpringBootAppApplication using Java 23.0.1 with PID 17652 (C:\Users\nikol\source\repos\@java\spring-boot-app\target\classes started by Niko in C:\Users\nikol\source\repos\@java\spring-boot-app)
2024-12-01T21:51:38.163+02:00  INFO 17652 --- [spring-boot-app] [main] c.e.s.SpringBootAppApplication           : No active profile set, falling back to 1 default profile: "default"
2024-12-01T21:51:38.605+02:00  INFO 17652 --- [spring-boot-app] [main] .s.d.r.c.RepositoryConfigurationDelegate : Bootstrapping Spring Data JPA repositories in DEFAULT mode.
2024-12-01T21:51:38.651+02:00  INFO 17652 --- [spring-boot-app] [main] .s.d.r.c.RepositoryConfigurationDelegate : Finished Spring Data repository scanning in 38 ms. Found 2 JPA repository interfaces.
2024-12-01T21:51:38.969+02:00  INFO 17652 --- [spring-boot-app] [main] o.s.b.w.embedded.tomcat.TomcatWebServer  : Tomcat initialized with port 8080 (http)
2024-12-01T21:51:38.978+02:00  INFO 17652 --- [spring-boot-app] [main] o.apache.catalina.core.StandardService   : Starting service [Tomcat]
2024-12-01T21:51:38.978+02:00  INFO 17652 --- [spring-boot-app] [main] o.apache.catalina.core.StandardEngine    : Starting Servlet engine: [Apache Tomcat/10.1.33]
2024-12-01T21:51:39.007+02:00  INFO 17652 --- [spring-boot-app] [main] o.a.c.c.C.[Tomcat].[localhost].[/]       : Initializing Spring embedded WebApplicationContext
2024-12-01T21:51:39.007+02:00  INFO 17652 --- [spring-boot-app] [main] w.s.c.ServletWebServerApplicationContext : Root WebApplicationContext: initialization completed in 810 ms
2024-12-01T21:51:39.075+02:00  INFO 17652 --- [spring-boot-app] [main] com.zaxxer.hikari.HikariDataSource       : HikariPool-1 - Starting...
2024-12-01T21:51:39.177+02:00  INFO 17652 --- [spring-boot-app] [main] com.zaxxer.hikari.pool.HikariPool        : HikariPool-1 - Added connection org.postgresql.jdbc.PgConnection@5b8572df
2024-12-01T21:51:39.179+02:00  INFO 17652 --- [spring-boot-app] [main] com.zaxxer.hikari.HikariDataSource       : HikariPool-1 - Start completed.
2024-12-01T21:51:39.214+02:00  INFO 17652 --- [spring-boot-app] [main] o.hibernate.jpa.internal.util.LogHelper  : HHH000204: Processing PersistenceUnitInfo [name: default]
2024-12-01T21:51:39.244+02:00  INFO 17652 --- [spring-boot-app] [main] org.hibernate.Version                    : HHH000412: Hibernate ORM core version 6.6.2.Final
2024-12-01T21:51:39.261+02:00  INFO 17652 --- [spring-boot-app] [main] o.h.c.internal.RegionFactoryInitiator    : HHH000026: Second-level cache disabled
2024-12-01T21:51:39.415+02:00  INFO 17652 --- [spring-boot-app] [main] o.s.o.j.p.SpringPersistenceUnitInfo      : No LoadTimeWeaver setup: ignoring JPA class transformer
2024-12-01T21:51:39.464+02:00  INFO 17652 --- [spring-boot-app] [main] org.hibernate.orm.connections.pooling    : HHH10001005: Database info:
	Database JDBC URL [Connecting through datasource 'HikariDataSource (HikariPool-1)']
	Database driver: undefined/unknown
	Database version: 17.0
	Autocommit mode: undefined/unknown
	Isolation level: undefined/unknown
	Minimum pool size: undefined/unknown
	Maximum pool size: undefined/unknown
2024-12-01T21:51:40.079+02:00  INFO 17652 --- [spring-boot-app] [main] o.h.e.t.j.p.i.JtaPlatformInitiator       : HHH000489: No JTA platform available (set 'hibernate.transaction.jta.platform' to enable JTA platform integration)
2024-12-01T21:51:40.082+02:00  INFO 17652 --- [spring-boot-app] [main] j.LocalContainerEntityManagerFactoryBean : Initialized JPA EntityManagerFactory for persistence unit 'default'
2024-12-01T21:51:40.611+02:00  INFO 17652 --- [spring-boot-app] [main] o.s.b.w.embedded.tomcat.TomcatWebServer  : Tomcat started on port 8080 (http) with context path '/'
2024-12-01T21:51:40.619+02:00  INFO 17652 --- [spring-boot-app] [main] c.e.s.SpringBootAppApplication           : Started SpringBootAppApplication in 2.707 seconds (process running for 3.043)
2024-12-01T21:52:30.720+02:00  INFO 17652 --- [spring-boot-app] [http-nio-8080-exec-1] o.a.c.c.C.[Tomcat].[localhost].[/]       : Initializing Spring DispatcherServlet 'dispatcherServlet'
2024-12-01T21:52:30.720+02:00  INFO 17652 --- [spring-boot-app] [http-nio-8080-exec-1] o.s.web.servlet.DispatcherServlet        : Initializing Servlet 'dispatcherServlet'
2024-12-01T21:52:30.721+02:00  INFO 17652 --- [spring-boot-app] [http-nio-8080-exec-1] o.s.web.servlet.DispatcherServlet        : Completed initialization in 1 ms
2024-12-01T21:53:40.101+02:00  INFO 17652 --- [spring-boot-app] [SpringApplicationShutdownHook] o.s.b.w.e.tomcat.GracefulShutdown        : Commencing graceful shutdown. Waiting for active requests to complete
2024-12-01T21:53:40.116+02:00  INFO 17652 --- [spring-boot-app] [tomcat-shutdown] o.s.b.w.e.tomcat.GracefulShutdown        : Graceful shutdown complete
2024-12-01T21:53:40.120+02:00  INFO 17652 --- [spring-boot-app] [SpringApplicationShutdownHook] j.LocalContainerEntityManagerFactoryBean : Closing JPA EntityManagerFactory for persistence unit 'default'
2024-12-01T21:53:40.121+02:00  INFO 17652 --- [spring-boot-app] [SpringApplicationShutdownHook] com.zaxxer.hikari.HikariDataSource       : HikariPool-1 - Shutdown initiated...
2024-12-01T21:53:40.123+02:00  INFO 17652 --- [spring-boot-app] [SpringApplicationShutdownHook] com.zaxxer.hikari.HikariDataSource       : HikariPool-1 - Shutdown completed.
2024-12-01T21:53:43.230+02:00  INFO 13756 --- [spring-boot-app] [main] c.e.s.SpringBootAppApplication           : Starting SpringBootAppApplication using Java 23.0.1 with PID 13756 (C:\Users\nikol\source\repos\@java\spring-boot-app\target\classes started by Niko in C:\Users\nikol\source\repos\@java\spring-boot-app)
2024-12-01T21:53:43.231+02:00  INFO 13756 --- [spring-boot-app] [main] c.e.s.SpringBootAppApplication           : No active profile set, falling back to 1 default profile: "default"
2024-12-01T21:53:43.693+02:00  INFO 13756 --- [spring-boot-app] [main] .s.d.r.c.RepositoryConfigurationDelegate : Bootstrapping Spring Data JPA repositories in DEFAULT mode.
2024-12-01T21:53:43.731+02:00  INFO 13756 --- [spring-boot-app] [main] .s.d.r.c.RepositoryConfigurationDelegate : Finished Spring Data repository scanning in 31 ms. Found 2 JPA repository interfaces.
2024-12-01T21:53:44.066+02:00  INFO 13756 --- [spring-boot-app] [main] o.s.b.w.embedded.tomcat.TomcatWebServer  : Tomcat initialized with port 8080 (http)
2024-12-01T21:53:44.074+02:00  INFO 13756 --- [spring-boot-app] [main] o.apache.catalina.core.StandardService   : Starting service [Tomcat]
2024-12-01T21:53:44.076+02:00  INFO 13756 --- [spring-boot-app] [main] o.apache.catalina.core.StandardEngine    : Starting Servlet engine: [Apache Tomcat/10.1.33]
2024-12-01T21:53:44.109+02:00  INFO 13756 --- [spring-boot-app] [main] o.a.c.c.C.[Tomcat].[localhost].[/]       : Initializing Spring embedded WebApplicationContext
2024-12-01T21:53:44.109+02:00  INFO 13756 --- [spring-boot-app] [main] w.s.c.ServletWebServerApplicationContext : Root WebApplicationContext: initialization completed in 841 ms
2024-12-01T21:53:44.188+02:00  INFO 13756 --- [spring-boot-app] [main] com.zaxxer.hikari.HikariDataSource       : HikariPool-1 - Starting...
2024-12-01T21:53:44.296+02:00  INFO 13756 --- [spring-boot-app] [main] com.zaxxer.hikari.pool.HikariPool        : HikariPool-1 - Added connection org.postgresql.jdbc.PgConnection@5b8572df
2024-12-01T21:53:44.297+02:00  INFO 13756 --- [spring-boot-app] [main] com.zaxxer.hikari.HikariDataSource       : HikariPool-1 - Start completed.
2024-12-01T21:53:44.332+02:00  INFO 13756 --- [spring-boot-app] [main] o.hibernate.jpa.internal.util.LogHelper  : HHH000204: Processing PersistenceUnitInfo [name: default]
2024-12-01T21:53:44.363+02:00  INFO 13756 --- [spring-boot-app] [main] org.hibernate.Version                    : HHH000412: Hibernate ORM core version 6.6.2.Final
2024-12-01T21:53:44.388+02:00  INFO 13756 --- [spring-boot-app] [main] o.h.c.internal.RegionFactoryInitiator    : HHH000026: Second-level cache disabled
2024-12-01T21:53:44.539+02:00  INFO 13756 --- [spring-boot-app] [main] o.s.o.j.p.SpringPersistenceUnitInfo      : No LoadTimeWeaver setup: ignoring JPA class transformer
2024-12-01T21:53:44.590+02:00  INFO 13756 --- [spring-boot-app] [main] org.hibernate.orm.connections.pooling    : HHH10001005: Database info:
	Database JDBC URL [Connecting through datasource 'HikariDataSource (HikariPool-1)']
	Database driver: undefined/unknown
	Database version: 17.0
	Autocommit mode: undefined/unknown
	Isolation level: undefined/unknown
	Minimum pool size: undefined/unknown
	Maximum pool size: undefined/unknown
2024-12-01T21:53:45.139+02:00  INFO 13756 --- [spring-boot-app] [main] o.h.e.t.j.p.i.JtaPlatformInitiator       : HHH000489: No JTA platform available (set 'hibernate.transaction.jta.platform' to enable JTA platform integration)
2024-12-01T21:53:45.141+02:00  INFO 13756 --- [spring-boot-app] [main] j.LocalContainerEntityManagerFactoryBean : Initialized JPA EntityManagerFactory for persistence unit 'default'
2024-12-01T21:53:45.622+02:00  INFO 13756 --- [spring-boot-app] [main] o.s.b.w.embedded.tomcat.TomcatWebServer  : Tomcat started on port 8080 (http) with context path '/'
2024-12-01T21:53:45.627+02:00  INFO 13756 --- [spring-boot-app] [main] c.e.s.SpringBootAppApplication           : Started SpringBootAppApplication in 2.667 seconds (process running for 3.007)
2024-12-01T21:53:46.777+02:00  INFO 13756 --- [spring-boot-app] [http-nio-8080-exec-1] o.a.c.c.C.[Tomcat].[localhost].[/]       : Initializing Spring DispatcherServlet 'dispatcherServlet'
2024-12-01T21:53:46.778+02:00  INFO 13756 --- [spring-boot-app] [http-nio-8080-exec-1] o.s.web.servlet.DispatcherServlet        : Initializing Servlet 'dispatcherServlet'
2024-12-01T21:53:46.778+02:00  INFO 13756 --- [spring-boot-app] [http-nio-8080-exec-1] o.s.web.servlet.DispatcherServlet        : Completed initialization in 0 ms
